<?xml version="1.0" encoding="UTF-8"?>
<!-- Generated by org.testng.reporters.JUnitReportReporter -->
<testsuite hostname="US-NYC-WKS16116.globalservs.com" name="AllPages" tests="1" failures="0" timestamp="23 Sep 2016 18:54:50 GMT" time="11.133" errors="0">
  <testcase name="laodthepage" time="11.133" classname="AllPages"/>
</testsuite> <!-- AllPages -->
