<?xml version="1.0" encoding="UTF-8"?>
<!-- Generated by org.testng.reporters.JUnitReportReporter -->
<testsuite hostname="US-NYC-WKS16116.globalservs.com" name="AppiumiOSTest" tests="1" failures="0" timestamp="20 Sep 2016 15:13:22 GMT" time="86.563" errors="0">
  <testcase name="testiOS" time="86.563" classname="AppiumiOSTest"/>
</testsuite> <!-- AppiumiOSTest -->
