<?xml version="1.0" encoding="UTF-8"?>
<!-- Generated by org.testng.reporters.JUnitReportReporter -->
<testsuite hostname="US-NYC-WKS16116.globalservs.com" name="com.excelhealth.mytest_cases.Login_v2" tests="1" failures="0" timestamp="6 Sep 2017 01:08:44 GMT" time="2.149" errors="0">
  <testcase name="test_Home_Page_Login" time="2.149" classname="com.excelhealth.mytest_cases.Login_v2"/>
</testsuite> <!-- com.excelhealth.mytest_cases.Login_v2 -->
