<?xml version="1.0" encoding="UTF-8"?>
<!-- Generated by org.testng.reporters.JUnitReportReporter -->
<testsuite hostname="US-NYC-WKS16116.globalservs.com" name="example.AllPagesLocal" tests="1" failures="0" timestamp="31 Aug 2017 23:44:35 GMT" time="9.014" errors="0">
  <testcase name="Login" time="9.014" classname="example.AllPagesLocal"/>
</testsuite> <!-- example.AllPagesLocal -->
