<?xml version="1.0" encoding="UTF-8"?>
<!-- Generated by org.testng.reporters.JUnitReportReporter -->
<testsuite hostname="US-NYC-WKS16116.globalservs.com" name="com.excelhealth.datadriven.InvalidLogin" tests="8" failures="0" timestamp="22 Sep 2017 20:52:05 GMT" time="2.589" errors="0">
  <testcase name="testUsingExcel" time="0.313" classname="com.excelhealth.datadriven.InvalidLogin"/>
  <testcase name="testUsingExcel" time="0.292" classname="com.excelhealth.datadriven.InvalidLogin"/>
  <testcase name="testUsingExcel" time="0.308" classname="com.excelhealth.datadriven.InvalidLogin"/>
  <testcase name="testUsingExcel" time="0.300" classname="com.excelhealth.datadriven.InvalidLogin"/>
  <testcase name="testUsingExcel" time="0.309" classname="com.excelhealth.datadriven.InvalidLogin"/>
  <testcase name="testUsingExcel" time="0.322" classname="com.excelhealth.datadriven.InvalidLogin"/>
  <testcase name="testUsingExcel" time="0.309" classname="com.excelhealth.datadriven.InvalidLogin"/>
  <testcase name="testUsingExcel" time="0.436" classname="com.excelhealth.datadriven.InvalidLogin"/>
</testsuite> <!-- com.excelhealth.datadriven.InvalidLogin -->
