<?xml version="1.0" encoding="UTF-8"?>
<!-- Generated by org.testng.reporters.JUnitReportReporter -->
<testsuite hostname="US-NYC-WKS16116.globalservs.com" name="com.excelhealth.mytest_cases.AddTask" tests="1" failures="0" timestamp="2 Sep 2017 20:13:51 GMT" time="6.148" errors="0">
  <testcase name="usercanaddtask" time="6.148" classname="com.excelhealth.mytest_cases.AddTask"/>
</testsuite> <!-- com.excelhealth.mytest_cases.AddTask -->
