<?xml version="1.0" encoding="UTF-8"?>
<!-- Generated by org.testng.reporters.JUnitReportReporter -->
<testsuite hostname="US-NYC-WKS16116.globalservs.com" name="com.excelhealth.datadriven.InvalidLogin" tests="8" failures="0" timestamp="22 Sep 2017 21:12:27 GMT" time="2.487" errors="0">
  <testcase name="testUsingExcel" time="0.308" classname="com.excelhealth.datadriven.InvalidLogin"/>
  <testcase name="testUsingExcel" time="0.350" classname="com.excelhealth.datadriven.InvalidLogin"/>
  <testcase name="testUsingExcel" time="0.287" classname="com.excelhealth.datadriven.InvalidLogin"/>
  <testcase name="testUsingExcel" time="0.269" classname="com.excelhealth.datadriven.InvalidLogin"/>
  <testcase name="testUsingExcel" time="0.284" classname="com.excelhealth.datadriven.InvalidLogin"/>
  <testcase name="testUsingExcel" time="0.298" classname="com.excelhealth.datadriven.InvalidLogin"/>
  <testcase name="testUsingExcel" time="0.405" classname="com.excelhealth.datadriven.InvalidLogin"/>
  <testcase name="testUsingExcel" time="0.286" classname="com.excelhealth.datadriven.InvalidLogin"/>
</testsuite> <!-- com.excelhealth.datadriven.InvalidLogin -->
