<?xml version="1.0" encoding="UTF-8"?>
<!-- Generated by org.testng.reporters.JUnitReportReporter -->
<testsuite hostname="US-NYC-WKS16116.globalservs.com" name="example.DeleteTask" tests="1" failures="0" timestamp="1 Sep 2017 15:19:19 GMT" time="8.308" errors="0">
  <testcase name="usercandeletetask" time="8.308" classname="example.DeleteTask"/>
</testsuite> <!-- example.DeleteTask -->
