<?xml version="1.0" encoding="UTF-8"?>
<!-- Generated by org.testng.reporters.JUnitReportReporter -->
<testsuite hostname="US-NYC-WKS16116.globalservs.com" name="com.excelhealth.mytests.Login" tests="1" failures="0" timestamp="2 Sep 2017 01:11:36 GMT" time="9.493" errors="0">
  <testcase name="usercanlogintest" time="9.493" classname="com.excelhealth.mytests.Login"/>
</testsuite> <!-- com.excelhealth.mytests.Login -->
