<?xml version="1.0" encoding="UTF-8"?>
<!-- Generated by org.testng.reporters.JUnitReportReporter -->
<testsuite hostname="US-NYC-WKS16116.globalservs.com" name="example.Login" tests="1" failures="0" timestamp="1 Sep 2017 23:10:04 GMT" time="9.315" errors="0">
  <testcase name="usercanlogintest" time="9.315" classname="example.Login"/>
</testsuite> <!-- example.Login -->
