<?xml version="1.0" encoding="UTF-8"?>
<!-- Generated by org.testng.reporters.JUnitReportReporter -->
<testsuite hostname="US-NYC-WKS16116.globalservs.com" name="com.excelhealth.datadriven.InvalidLogin" tests="8" failures="0" timestamp="22 Sep 2017 20:57:58 GMT" time="2.450" errors="0">
  <testcase name="testUsingExcel" time="0.261" classname="com.excelhealth.datadriven.InvalidLogin"/>
  <testcase name="testUsingExcel" time="0.307" classname="com.excelhealth.datadriven.InvalidLogin"/>
  <testcase name="testUsingExcel" time="0.288" classname="com.excelhealth.datadriven.InvalidLogin"/>
  <testcase name="testUsingExcel" time="0.297" classname="com.excelhealth.datadriven.InvalidLogin"/>
  <testcase name="testUsingExcel" time="0.282" classname="com.excelhealth.datadriven.InvalidLogin"/>
  <testcase name="testUsingExcel" time="0.292" classname="com.excelhealth.datadriven.InvalidLogin"/>
  <testcase name="testUsingExcel" time="0.425" classname="com.excelhealth.datadriven.InvalidLogin"/>
  <testcase name="testUsingExcel" time="0.298" classname="com.excelhealth.datadriven.InvalidLogin"/>
</testsuite> <!-- com.excelhealth.datadriven.InvalidLogin -->
