<?xml version="1.0" encoding="UTF-8"?>
<!-- Generated by org.testng.reporters.JUnitReportReporter -->
<testsuite hostname="US-NYC-WKS16116.globalservs.com" name="example.AddTask" tests="1" failures="0" timestamp="1 Sep 2017 15:19:19 GMT" time="6.527" errors="0">
  <testcase name="usercanaddtask" time="6.527" classname="example.AddTask"/>
</testsuite> <!-- example.AddTask -->
