<?xml version="1.0" encoding="UTF-8"?>
<!-- Generated by org.testng.reporters.JUnitReportReporter -->
<testsuite hostname="US-NYC-WKS16116.globalservs.com" name="com.excelhealth.mytest_cases.TestMeNow" tests="1" failures="0" timestamp="15 Sep 2017 02:17:18 GMT" time="0.005" errors="0">
  <testcase name="PrintMe" time="0.005" classname="com.excelhealth.mytest_cases.TestMeNow"/>
</testsuite> <!-- com.excelhealth.mytest_cases.TestMeNow -->
