<?xml version="1.0" encoding="UTF-8"?>
<!-- Generated by org.testng.reporters.JUnitReportReporter -->
<testsuite hostname="US-NYC-WKS16116.globalservs.com" name="com.excelhealth.mytest_cases.BaseClass" tests="1" failures="0" timestamp="2 Sep 2017 17:49:26 GMT" time="1.006" errors="0">
  <testcase name="test_Home_Page_Login" time="1.006" classname="com.excelhealth.mytest_cases.BaseClass"/>
</testsuite> <!-- com.excelhealth.mytest_cases.BaseClass -->
